[2025-01-21 16:51:31Z INFO HostContext] No proxy settings were found based on environmental variables (http_proxy/https_proxy/HTTP_PROXY/HTTPS_PROXY)
[2025-01-21 16:51:31Z INFO HostContext] Well known directory 'Bin': 'C:\Users\pinza\Desktop\SonarOnCloud\Proyecto-APIRest\actions-runner\actions-runner-win-x64-2.321.0\bin'
[2025-01-21 16:51:31Z INFO HostContext] Well known directory 'Root': 'C:\Users\pinza\Desktop\SonarOnCloud\Proyecto-APIRest\actions-runner\actions-runner-win-x64-2.321.0'
[2025-01-21 16:51:31Z INFO HostContext] Well known config file 'Credentials': 'C:\Users\pinza\Desktop\SonarOnCloud\Proyecto-APIRest\actions-runner\actions-runner-win-x64-2.321.0\.credentials'
[2025-01-21 16:51:31Z INFO HostContext] Well known directory 'Bin': 'C:\Users\pinza\Desktop\SonarOnCloud\Proyecto-APIRest\actions-runner\actions-runner-win-x64-2.321.0\bin'
[2025-01-21 16:51:31Z INFO HostContext] Well known directory 'Root': 'C:\Users\pinza\Desktop\SonarOnCloud\Proyecto-APIRest\actions-runner\actions-runner-win-x64-2.321.0'
[2025-01-21 16:51:31Z INFO HostContext] Well known config file 'Runner': 'C:\Users\pinza\Desktop\SonarOnCloud\Proyecto-APIRest\actions-runner\actions-runner-win-x64-2.321.0\.runner'
[2025-01-21 16:51:31Z INFO Listener] Runner is built for Windows (X64) - win-x64.
[2025-01-21 16:51:31Z INFO Listener] RuntimeInformation: Microsoft Windows 10.0.19045.
[2025-01-21 16:51:32Z INFO Listener] Version: 2.321.0
[2025-01-21 16:51:32Z INFO Listener] Commit: e249007931b7c8e857797fa259c167f0bd4f997a
[2025-01-21 16:51:32Z INFO Listener] Culture: es-EC
[2025-01-21 16:51:32Z INFO Listener] UI Culture: en-US
[2025-01-21 16:51:32Z INFO HostContext] Well known directory 'Bin': 'C:\Users\pinza\Desktop\SonarOnCloud\Proyecto-APIRest\actions-runner\actions-runner-win-x64-2.321.0\bin'
[2025-01-21 16:51:32Z INFO HostContext] Well known directory 'Root': 'C:\Users\pinza\Desktop\SonarOnCloud\Proyecto-APIRest\actions-runner\actions-runner-win-x64-2.321.0'
[2025-01-21 16:51:32Z INFO Listener] Validating directory permissions for: 'C:\Users\pinza\Desktop\SonarOnCloud\Proyecto-APIRest\actions-runner\actions-runner-win-x64-2.321.0'
[2025-01-21 16:51:32Z INFO CommandLineParser] Parse
[2025-01-21 16:51:32Z INFO CommandLineParser] Parsing 1 args
[2025-01-21 16:51:32Z INFO CommandLineParser] parsing argument
[2025-01-21 16:51:32Z INFO CommandLineParser] HasArgs: False
[2025-01-21 16:51:32Z INFO CommandLineParser] Adding Command: run
[2025-01-21 16:51:32Z INFO Listener] Arguments parsed
[2025-01-21 16:51:32Z INFO Runner] ExecuteCommand
[2025-01-21 16:51:32Z INFO ConfigurationStore] currentAssemblyLocation: C:\Users\pinza\Desktop\SonarOnCloud\Proyecto-APIRest\actions-runner\actions-runner-win-x64-2.321.0\bin\Runner.Listener.dll
[2025-01-21 16:51:32Z INFO HostContext] Well known directory 'Bin': 'C:\Users\pinza\Desktop\SonarOnCloud\Proyecto-APIRest\actions-runner\actions-runner-win-x64-2.321.0\bin'
[2025-01-21 16:51:32Z INFO ConfigurationStore] binPath: C:\Users\pinza\Desktop\SonarOnCloud\Proyecto-APIRest\actions-runner\actions-runner-win-x64-2.321.0\bin
[2025-01-21 16:51:32Z INFO HostContext] Well known directory 'Bin': 'C:\Users\pinza\Desktop\SonarOnCloud\Proyecto-APIRest\actions-runner\actions-runner-win-x64-2.321.0\bin'
[2025-01-21 16:51:32Z INFO HostContext] Well known directory 'Root': 'C:\Users\pinza\Desktop\SonarOnCloud\Proyecto-APIRest\actions-runner\actions-runner-win-x64-2.321.0'
[2025-01-21 16:51:32Z INFO ConfigurationStore] RootFolder: C:\Users\pinza\Desktop\SonarOnCloud\Proyecto-APIRest\actions-runner\actions-runner-win-x64-2.321.0
[2025-01-21 16:51:32Z INFO HostContext] Well known directory 'Bin': 'C:\Users\pinza\Desktop\SonarOnCloud\Proyecto-APIRest\actions-runner\actions-runner-win-x64-2.321.0\bin'
[2025-01-21 16:51:32Z INFO HostContext] Well known directory 'Root': 'C:\Users\pinza\Desktop\SonarOnCloud\Proyecto-APIRest\actions-runner\actions-runner-win-x64-2.321.0'
[2025-01-21 16:51:32Z INFO HostContext] Well known config file 'Runner': 'C:\Users\pinza\Desktop\SonarOnCloud\Proyecto-APIRest\actions-runner\actions-runner-win-x64-2.321.0\.runner'
[2025-01-21 16:51:32Z INFO ConfigurationStore] ConfigFilePath: C:\Users\pinza\Desktop\SonarOnCloud\Proyecto-APIRest\actions-runner\actions-runner-win-x64-2.321.0\.runner
[2025-01-21 16:51:32Z INFO HostContext] Well known directory 'Bin': 'C:\Users\pinza\Desktop\SonarOnCloud\Proyecto-APIRest\actions-runner\actions-runner-win-x64-2.321.0\bin'
[2025-01-21 16:51:32Z INFO HostContext] Well known directory 'Root': 'C:\Users\pinza\Desktop\SonarOnCloud\Proyecto-APIRest\actions-runner\actions-runner-win-x64-2.321.0'
[2025-01-21 16:51:32Z INFO HostContext] Well known config file 'Credentials': 'C:\Users\pinza\Desktop\SonarOnCloud\Proyecto-APIRest\actions-runner\actions-runner-win-x64-2.321.0\.credentials'
[2025-01-21 16:51:32Z INFO ConfigurationStore] CredFilePath: C:\Users\pinza\Desktop\SonarOnCloud\Proyecto-APIRest\actions-runner\actions-runner-win-x64-2.321.0\.credentials
[2025-01-21 16:51:32Z INFO HostContext] Well known directory 'Bin': 'C:\Users\pinza\Desktop\SonarOnCloud\Proyecto-APIRest\actions-runner\actions-runner-win-x64-2.321.0\bin'
[2025-01-21 16:51:32Z INFO HostContext] Well known directory 'Root': 'C:\Users\pinza\Desktop\SonarOnCloud\Proyecto-APIRest\actions-runner\actions-runner-win-x64-2.321.0'
[2025-01-21 16:51:32Z INFO HostContext] Well known config file 'MigratedCredentials': 'C:\Users\pinza\Desktop\SonarOnCloud\Proyecto-APIRest\actions-runner\actions-runner-win-x64-2.321.0\.credentials_migrated'
[2025-01-21 16:51:32Z INFO ConfigurationStore] MigratedCredFilePath: C:\Users\pinza\Desktop\SonarOnCloud\Proyecto-APIRest\actions-runner\actions-runner-win-x64-2.321.0\.credentials_migrated
[2025-01-21 16:51:32Z INFO HostContext] Well known directory 'Bin': 'C:\Users\pinza\Desktop\SonarOnCloud\Proyecto-APIRest\actions-runner\actions-runner-win-x64-2.321.0\bin'
[2025-01-21 16:51:32Z INFO HostContext] Well known directory 'Root': 'C:\Users\pinza\Desktop\SonarOnCloud\Proyecto-APIRest\actions-runner\actions-runner-win-x64-2.321.0'
[2025-01-21 16:51:32Z INFO HostContext] Well known config file 'Service': 'C:\Users\pinza\Desktop\SonarOnCloud\Proyecto-APIRest\actions-runner\actions-runner-win-x64-2.321.0\.service'
[2025-01-21 16:51:32Z INFO ConfigurationStore] ServiceConfigFilePath: C:\Users\pinza\Desktop\SonarOnCloud\Proyecto-APIRest\actions-runner\actions-runner-win-x64-2.321.0\.service
[2025-01-21 16:51:32Z INFO CommandSettings] Flag 'help': 'False'
[2025-01-21 16:51:32Z INFO CommandSettings] Flag 'version': 'False'
[2025-01-21 16:51:32Z INFO CommandSettings] Flag 'commit': 'False'
[2025-01-21 16:51:32Z INFO CommandSettings] Flag 'check': 'False'
[2025-01-21 16:51:32Z INFO CommandSettings] Command 'configure': 'False'
[2025-01-21 16:51:32Z INFO CommandSettings] Command 'remove': 'False'
[2025-01-21 16:51:32Z INFO CommandSettings] Command 'warmup': 'False'
[2025-01-21 16:51:32Z INFO ConfigurationManager] LoadSettings
[2025-01-21 16:51:32Z INFO ConfigurationStore] IsConfigured()
[2025-01-21 16:51:32Z INFO ConfigurationStore] IsConfigured: False
[2025-01-21 16:51:32Z INFO ConfigurationManager] Is configured: False
[2025-01-21 16:51:32Z ERR  Terminal] WRITE ERROR: An error occurred: Not configured. Run config.(sh/cmd) to configure the runner.
[2025-01-21 16:51:32Z ERR  Listener] GitHub.Runner.Common.NonRetryableException: Not configured. Run config.(sh/cmd) to configure the runner.
   at GitHub.Runner.Listener.Configuration.ConfigurationManager.LoadSettings()
   at GitHub.Runner.Listener.Runner.ExecuteCommand(CommandSettings command)
   at GitHub.Runner.Listener.Program.MainAsync(IHostContext context, String[] args)
