[2025-01-21 16:49:39Z INFO HostContext] No proxy settings were found based on environmental variables (http_proxy/https_proxy/HTTP_PROXY/HTTPS_PROXY)
[2025-01-21 16:49:39Z INFO HostContext] Well known directory 'Bin': 'C:\Users\pinza\Desktop\SonarOnCloud\Proyecto-APIRest\actions-runner\actions-runner-win-x64-2.321.0\bin'
[2025-01-21 16:49:39Z INFO HostContext] Well known directory 'Root': 'C:\Users\pinza\Desktop\SonarOnCloud\Proyecto-APIRest\actions-runner\actions-runner-win-x64-2.321.0'
[2025-01-21 16:49:39Z INFO HostContext] Well known config file 'Credentials': 'C:\Users\pinza\Desktop\SonarOnCloud\Proyecto-APIRest\actions-runner\actions-runner-win-x64-2.321.0\.credentials'
[2025-01-21 16:49:39Z INFO HostContext] Well known directory 'Bin': 'C:\Users\pinza\Desktop\SonarOnCloud\Proyecto-APIRest\actions-runner\actions-runner-win-x64-2.321.0\bin'
[2025-01-21 16:49:39Z INFO HostContext] Well known directory 'Root': 'C:\Users\pinza\Desktop\SonarOnCloud\Proyecto-APIRest\actions-runner\actions-runner-win-x64-2.321.0'
[2025-01-21 16:49:39Z INFO HostContext] Well known config file 'Runner': 'C:\Users\pinza\Desktop\SonarOnCloud\Proyecto-APIRest\actions-runner\actions-runner-win-x64-2.321.0\.runner'
[2025-01-21 16:49:39Z INFO Listener] Runner is built for Windows (X64) - win-x64.
[2025-01-21 16:49:39Z INFO Listener] RuntimeInformation: Microsoft Windows 10.0.19045.
[2025-01-21 16:49:39Z INFO Listener] Version: 2.321.0
[2025-01-21 16:49:39Z INFO Listener] Commit: e249007931b7c8e857797fa259c167f0bd4f997a
[2025-01-21 16:49:39Z INFO Listener] Culture: es-EC
[2025-01-21 16:49:39Z INFO Listener] UI Culture: en-US
[2025-01-21 16:49:39Z INFO HostContext] Well known directory 'Bin': 'C:\Users\pinza\Desktop\SonarOnCloud\Proyecto-APIRest\actions-runner\actions-runner-win-x64-2.321.0\bin'
[2025-01-21 16:49:39Z INFO HostContext] Well known directory 'Root': 'C:\Users\pinza\Desktop\SonarOnCloud\Proyecto-APIRest\actions-runner\actions-runner-win-x64-2.321.0'
[2025-01-21 16:49:39Z INFO Listener] Validating directory permissions for: 'C:\Users\pinza\Desktop\SonarOnCloud\Proyecto-APIRest\actions-runner\actions-runner-win-x64-2.321.0'
[2025-01-21 16:49:39Z INFO CommandLineParser] Parse
[2025-01-21 16:49:39Z INFO CommandLineParser] Parsing 1 args
[2025-01-21 16:49:39Z INFO CommandLineParser] parsing argument
[2025-01-21 16:49:39Z INFO CommandLineParser] HasArgs: False
[2025-01-21 16:49:39Z INFO CommandLineParser] Adding Command: configure
[2025-01-21 16:49:39Z INFO Listener] Arguments parsed
[2025-01-21 16:49:39Z INFO Runner] ExecuteCommand
[2025-01-21 16:49:39Z INFO ConfigurationStore] currentAssemblyLocation: C:\Users\pinza\Desktop\SonarOnCloud\Proyecto-APIRest\actions-runner\actions-runner-win-x64-2.321.0\bin\Runner.Listener.dll
[2025-01-21 16:49:39Z INFO HostContext] Well known directory 'Bin': 'C:\Users\pinza\Desktop\SonarOnCloud\Proyecto-APIRest\actions-runner\actions-runner-win-x64-2.321.0\bin'
[2025-01-21 16:49:39Z INFO ConfigurationStore] binPath: C:\Users\pinza\Desktop\SonarOnCloud\Proyecto-APIRest\actions-runner\actions-runner-win-x64-2.321.0\bin
[2025-01-21 16:49:39Z INFO HostContext] Well known directory 'Bin': 'C:\Users\pinza\Desktop\SonarOnCloud\Proyecto-APIRest\actions-runner\actions-runner-win-x64-2.321.0\bin'
[2025-01-21 16:49:39Z INFO HostContext] Well known directory 'Root': 'C:\Users\pinza\Desktop\SonarOnCloud\Proyecto-APIRest\actions-runner\actions-runner-win-x64-2.321.0'
[2025-01-21 16:49:39Z INFO ConfigurationStore] RootFolder: C:\Users\pinza\Desktop\SonarOnCloud\Proyecto-APIRest\actions-runner\actions-runner-win-x64-2.321.0
[2025-01-21 16:49:39Z INFO HostContext] Well known directory 'Bin': 'C:\Users\pinza\Desktop\SonarOnCloud\Proyecto-APIRest\actions-runner\actions-runner-win-x64-2.321.0\bin'
[2025-01-21 16:49:39Z INFO HostContext] Well known directory 'Root': 'C:\Users\pinza\Desktop\SonarOnCloud\Proyecto-APIRest\actions-runner\actions-runner-win-x64-2.321.0'
[2025-01-21 16:49:39Z INFO HostContext] Well known config file 'Runner': 'C:\Users\pinza\Desktop\SonarOnCloud\Proyecto-APIRest\actions-runner\actions-runner-win-x64-2.321.0\.runner'
[2025-01-21 16:49:39Z INFO ConfigurationStore] ConfigFilePath: C:\Users\pinza\Desktop\SonarOnCloud\Proyecto-APIRest\actions-runner\actions-runner-win-x64-2.321.0\.runner
[2025-01-21 16:49:39Z INFO HostContext] Well known directory 'Bin': 'C:\Users\pinza\Desktop\SonarOnCloud\Proyecto-APIRest\actions-runner\actions-runner-win-x64-2.321.0\bin'
[2025-01-21 16:49:39Z INFO HostContext] Well known directory 'Root': 'C:\Users\pinza\Desktop\SonarOnCloud\Proyecto-APIRest\actions-runner\actions-runner-win-x64-2.321.0'
[2025-01-21 16:49:39Z INFO HostContext] Well known config file 'Credentials': 'C:\Users\pinza\Desktop\SonarOnCloud\Proyecto-APIRest\actions-runner\actions-runner-win-x64-2.321.0\.credentials'
[2025-01-21 16:49:39Z INFO ConfigurationStore] CredFilePath: C:\Users\pinza\Desktop\SonarOnCloud\Proyecto-APIRest\actions-runner\actions-runner-win-x64-2.321.0\.credentials
[2025-01-21 16:49:39Z INFO HostContext] Well known directory 'Bin': 'C:\Users\pinza\Desktop\SonarOnCloud\Proyecto-APIRest\actions-runner\actions-runner-win-x64-2.321.0\bin'
[2025-01-21 16:49:39Z INFO HostContext] Well known directory 'Root': 'C:\Users\pinza\Desktop\SonarOnCloud\Proyecto-APIRest\actions-runner\actions-runner-win-x64-2.321.0'
[2025-01-21 16:49:39Z INFO HostContext] Well known config file 'MigratedCredentials': 'C:\Users\pinza\Desktop\SonarOnCloud\Proyecto-APIRest\actions-runner\actions-runner-win-x64-2.321.0\.credentials_migrated'
[2025-01-21 16:49:39Z INFO ConfigurationStore] MigratedCredFilePath: C:\Users\pinza\Desktop\SonarOnCloud\Proyecto-APIRest\actions-runner\actions-runner-win-x64-2.321.0\.credentials_migrated
[2025-01-21 16:49:39Z INFO HostContext] Well known directory 'Bin': 'C:\Users\pinza\Desktop\SonarOnCloud\Proyecto-APIRest\actions-runner\actions-runner-win-x64-2.321.0\bin'
[2025-01-21 16:49:39Z INFO HostContext] Well known directory 'Root': 'C:\Users\pinza\Desktop\SonarOnCloud\Proyecto-APIRest\actions-runner\actions-runner-win-x64-2.321.0'
[2025-01-21 16:49:39Z INFO HostContext] Well known config file 'Service': 'C:\Users\pinza\Desktop\SonarOnCloud\Proyecto-APIRest\actions-runner\actions-runner-win-x64-2.321.0\.service'
[2025-01-21 16:49:39Z INFO ConfigurationStore] ServiceConfigFilePath: C:\Users\pinza\Desktop\SonarOnCloud\Proyecto-APIRest\actions-runner\actions-runner-win-x64-2.321.0\.service
[2025-01-21 16:49:39Z INFO CommandSettings] Flag 'help': 'False'
[2025-01-21 16:49:39Z INFO CommandSettings] Flag 'version': 'False'
[2025-01-21 16:49:39Z INFO CommandSettings] Flag 'commit': 'False'
[2025-01-21 16:49:39Z INFO CommandSettings] Flag 'check': 'False'
[2025-01-21 16:49:39Z INFO CommandSettings] Command 'configure': 'True'
[2025-01-21 16:49:39Z INFO Terminal] WRITE LINE: 
[2025-01-21 16:49:39Z INFO Terminal] WRITE LINE: --------------------------------------------------------------------------------
[2025-01-21 16:49:39Z INFO Terminal] WRITE LINE: |        ____ _ _   _   _       _          _        _   _                      |
[2025-01-21 16:49:39Z INFO Terminal] WRITE LINE: |       / ___(_) |_| | | |_   _| |__      / \   ___| |_(_) ___  _ __  ___      |
[2025-01-21 16:49:39Z INFO Terminal] WRITE LINE: |      | |  _| | __| |_| | | | | '_ \    / _ \ / __| __| |/ _ \| '_ \/ __|     |
[2025-01-21 16:49:39Z INFO Terminal] WRITE LINE: |      | |_| | | |_|  _  | |_| | |_) |  / ___ \ (__| |_| | (_) | | | \__ \     |
[2025-01-21 16:49:39Z INFO Terminal] WRITE LINE: |       \____|_|\__|_| |_|\__,_|_.__/  /_/   \_\___|\__|_|\___/|_| |_|___/     |
[2025-01-21 16:49:39Z INFO Terminal] WRITE LINE: |                                                                              |
[2025-01-21 16:49:39Z INFO Terminal] WRITE: |                       
[2025-01-21 16:49:39Z INFO Terminal] WRITE: Self-hosted runner registration
[2025-01-21 16:49:39Z INFO Terminal] WRITE LINE:                         |
[2025-01-21 16:49:39Z INFO Terminal] WRITE LINE: |                                                                              |
[2025-01-21 16:49:39Z INFO Terminal] WRITE LINE: --------------------------------------------------------------------------------
[2025-01-21 16:49:39Z INFO ConfigurationManager] ConfigureAsync
[2025-01-21 16:49:39Z INFO CommandSettings] Flag 'generateServiceConfig': 'False'
[2025-01-21 16:49:39Z INFO ConfigurationStore] IsConfigured()
[2025-01-21 16:49:39Z INFO ConfigurationStore] IsConfigured: False
[2025-01-21 16:49:39Z INFO ConfigurationManager] Is configured: False
[2025-01-21 16:49:39Z INFO CommandSettings] Arg 'url': ''
[2025-01-21 16:49:39Z INFO CommandSettings] Flag 'unattended': 'False'
[2025-01-21 16:49:39Z INFO PromptManager] ReadValue
[2025-01-21 16:49:39Z INFO Terminal] WRITE: What is the URL of your repository? 
[2025-01-21 16:49:39Z INFO Terminal] READ LINE
[2025-01-21 16:49:53Z INFO Terminal] Read value: '--url https://github.com/JuanPabloPinza/Proyecto-APIRest --token A322N5BH5A27E5L32BTURWDHR7OQW'
[2025-01-21 16:49:53Z INFO PromptManager] Invalid value.
[2025-01-21 16:49:53Z INFO Terminal] WRITE LINE: Entered value is invalid
[2025-01-21 16:49:53Z INFO Terminal] WRITE: What is the URL of your repository? 
[2025-01-21 16:49:53Z INFO Terminal] READ LINE
[2025-01-21 16:50:01Z INFO Terminal] Read value: 'https://github.com/JuanPabloPinza/Proyecto-APIRest'
[2025-01-21 16:50:01Z INFO CommandSettings] Arg 'token': ''
[2025-01-21 16:50:01Z INFO CommandSettings] Flag 'unattended': 'False'
[2025-01-21 16:50:01Z INFO PromptManager] ReadValue
[2025-01-21 16:50:01Z INFO Terminal] WRITE: What is your runner register token? 
[2025-01-21 16:50:01Z INFO Terminal] READ SECRET
[2025-01-21 16:50:05Z INFO Terminal] Read value: '***'
[2025-01-21 16:50:07Z INFO ConfigurationManager] Http response code: OK from 'POST https://api.github.com/actions/runner-registration' (E2E1:CCC2A:C8F147:1903040:678FD03E)
[2025-01-21 16:50:07Z INFO ConfigurationManager] Using V2 flow: False
[2025-01-21 16:50:07Z INFO ConfigurationManager] cred retrieved via GitHub auth
[2025-01-21 16:50:07Z INFO RunnerServer] EstablishVssConnection
[2025-01-21 16:50:07Z INFO RunnerServer] Establish connection with 100 seconds timeout.
[2025-01-21 16:50:07Z INFO GitHubActionsService] Starting operation Location.GetConnectionData
[2025-01-21 16:50:07Z INFO RunnerServer] EstablishVssConnection
[2025-01-21 16:50:07Z INFO RunnerServer] Establish connection with 60 seconds timeout.
[2025-01-21 16:50:07Z INFO GitHubActionsService] Starting operation Location.GetConnectionData
[2025-01-21 16:50:07Z INFO RunnerServer] EstablishVssConnection
[2025-01-21 16:50:07Z INFO RunnerServer] Establish connection with 60 seconds timeout.
[2025-01-21 16:50:07Z INFO GitHubActionsService] Starting operation Location.GetConnectionData
[2025-01-21 16:50:08Z INFO GitHubActionsService] Finished operation Location.GetConnectionData
[2025-01-21 16:50:08Z INFO GitHubActionsService] Finished operation Location.GetConnectionData
[2025-01-21 16:50:08Z INFO GitHubActionsService] Finished operation Location.GetConnectionData
[2025-01-21 16:50:08Z INFO Terminal] WRITE LINE: 
[2025-01-21 16:50:08Z INFO ConfigurationManager] Test Connection complete.
[2025-01-21 16:50:08Z INFO HostContext] Well known directory 'Bin': 'C:\Users\pinza\Desktop\SonarOnCloud\Proyecto-APIRest\actions-runner\actions-runner-win-x64-2.321.0\bin'
[2025-01-21 16:50:08Z INFO HostContext] Well known directory 'Root': 'C:\Users\pinza\Desktop\SonarOnCloud\Proyecto-APIRest\actions-runner\actions-runner-win-x64-2.321.0'
[2025-01-21 16:50:08Z INFO HostContext] Well known config file 'RSACredentials': 'C:\Users\pinza\Desktop\SonarOnCloud\Proyecto-APIRest\actions-runner\actions-runner-win-x64-2.321.0\.credentials_rsaparams'
[2025-01-21 16:50:08Z INFO RSAEncryptedFileKeyManager] Creating new RSA key using 2048-bit key length
[2025-01-21 16:50:08Z INFO RSAEncryptedFileKeyManager] Successfully saved RSA key parameters to file C:\Users\pinza\Desktop\SonarOnCloud\Proyecto-APIRest\actions-runner\actions-runner-win-x64-2.321.0\.credentials_rsaparams
[2025-01-21 16:50:08Z INFO CommandSettings] Arg 'runnergroup': ''
[2025-01-21 16:50:08Z INFO CommandSettings] Flag 'unattended': 'False'
[2025-01-21 16:50:08Z INFO PromptManager] ReadValue
[2025-01-21 16:50:08Z INFO Terminal] WRITE: Enter the name of the runner group to add this runner to: 
[2025-01-21 16:50:08Z INFO Terminal] WRITE: [press Enter for Default] 
[2025-01-21 16:50:08Z INFO Terminal] READ LINE
[2025-01-21 16:50:30Z INFO Terminal] Read value: 'SonarCubeCloud'
[2025-01-21 16:50:30Z INFO Terminal] WRITE LINE: 
[2025-01-21 16:50:31Z ERR  Runner] GitHub.DistributedTask.WebApi.TaskAgentPoolNotFoundException: Could not find any self-hosted runner group named "SonarCubeCloud".
   at GitHub.Runner.Listener.Configuration.ConfigurationManager.ConfigureAsync(CommandSettings command)
   at GitHub.Runner.Listener.Runner.ExecuteCommand(CommandSettings command)
[2025-01-21 16:50:31Z ERR  Terminal] WRITE ERROR: Could not find any self-hosted runner group named "SonarCubeCloud".
[2025-01-21 16:50:31Z INFO Listener] Runner execution has finished with return code 1
